[20:47:14:556] [INFO] - com.geovis.duplex.OracleServer.load(OracleServer.java:91) - Database setup over!
[20:47:31:712] [INFO] - com.geovis.duplex.OracleServer$SchemaTask.refresh(OracleServer.java:334) - start thread GFGXDB.TEST1
[20:47:36:613] [INFO] - org.springframework.context.support.AbstractApplicationContext.prepareRefresh(AbstractApplicationContext.java:456) - Refreshing org.apache.activemq.xbean.XBeanBrokerFactory$1@2ca2d482: startup date [Mon Jun 12 20:47:36 GMT+08:00 2017]; root of context hierarchy
[20:47:36:655] [INFO] - org.springframework.beans.factory.xml.XmlBeanDefinitionReader.loadBeanDefinitions(XmlBeanDefinitionReader.java:315) - Loading XML bean definitions from file [D:\workspace\duplex-oracle-server\conf\activemq.xml]
[20:47:37:040] [INFO] - org.springframework.beans.factory.xml.XmlBeanDefinitionReader.loadBeanDefinitions(XmlBeanDefinitionReader.java:315) - Loading XML bean definitions from file [D:\workspace\duplex-oracle-server\conf\jetty.xml]
[20:47:37:203] [INFO] - org.springframework.core.io.support.PropertiesLoaderSupport.loadProperties(PropertiesLoaderSupport.java:177) - Loading properties file from URL [file:D:/workspace/duplex-oracle-server/conf/credentials.properties]
[20:47:37:220] [INFO] - org.springframework.beans.factory.support.DefaultListableBeanFactory.preInstantiateSingletons(DefaultListableBeanFactory.java:549) - Pre-instantiating singletons in org.springframework.beans.factory.support.DefaultListableBeanFactory@3237ed34: defining beans [org.springframework.beans.factory.config.PropertyPlaceholderConfigurer#0,org.apache.activemq.xbean.XBeanBrokerService#0,securityLoginService,securityConstraint,securityConstraintMapping,securityHandler,contexts,Server]; root of factory hierarchy
[20:47:37:312] [INFO] - org.apache.activemq.store.kahadb.plist.PListStore.doStart(PListStore.java:288) - PListStore:D:\workspace\duplex-oracle-server\data\Broker\tmp_storage started
[20:47:37:327] [INFO] - org.apache.activemq.broker.BrokerService.start(BrokerService.java:481) - Using Persistence Adapter: KahaDBPersistenceAdapter[D:\workspace\duplex-oracle-server\data\kahadb]
[20:47:37:561] [INFO] - org.apache.activemq.store.kahadb.MessageDatabase$Metadata.read(MessageDatabase.java:142) - KahaDB is version 3
[20:47:37:624] [INFO] - org.apache.activemq.store.kahadb.MessageDatabase.recover(MessageDatabase.java:445) - Recovering from the journal ...
[20:47:37:624] [INFO] - org.apache.activemq.store.kahadb.MessageDatabase.recover(MessageDatabase.java:454) - Recovery replayed 2 operations from the journal in 0.011 seconds.
[20:47:37:665] [INFO] - org.apache.activemq.broker.BrokerService.getBroker(BrokerService.java:749) - ActiveMQ 5.4.3 JMS Message Broker (Broker) is starting
[20:47:37:665] [INFO] - org.apache.activemq.broker.BrokerService.getBroker(BrokerService.java:751) - For help or more information please see: http://activemq.apache.org/
[20:47:37:786] [INFO] - org.apache.activemq.transport.TransportServerThreadSupport.doStart(TransportServerThreadSupport.java:72) - Listening for connections at: tcp://LAPTOP-O8QUOA7K:61616
[20:47:37:786] [INFO] - org.apache.activemq.broker.TransportConnector.start(TransportConnector.java:252) - Connector openwire Started
[20:47:37:788] [INFO] - org.apache.activemq.broker.BrokerService.start(BrokerService.java:524) - ActiveMQ JMS Message Broker (Broker, ID:LAPTOP-O8QUOA7K-50943-1497271656435-1:1) started
[20:47:37:846] [INFO] - org.slf4j.impl.JCLLoggerAdapter.info(JCLLoggerAdapter.java:327) - jetty-7.1.6.v20100715
[20:47:37:977] [INFO] - org.springframework.context.support.AbstractApplicationContext.prepareRefresh(AbstractApplicationContext.java:456) - Refreshing Root WebApplicationContext: startup date [Mon Jun 12 20:47:37 GMT+08:00 2017]; root of context hierarchy
[20:47:37:978] [INFO] - org.springframework.beans.factory.xml.XmlBeanDefinitionReader.loadBeanDefinitions(XmlBeanDefinitionReader.java:315) - Loading XML bean definitions from ServletContext resource [/WEB-INF/webconsole-embedded.xml]
[20:47:37:996] [INFO] - org.springframework.beans.factory.xml.XmlBeanDefinitionReader.loadBeanDefinitions(XmlBeanDefinitionReader.java:315) - Loading XML bean definitions from ServletContext resource [/WEB-INF/webconsole-query.xml]
[20:47:38:048] [INFO] - org.springframework.core.io.support.PropertiesLoaderSupport.loadProperties(PropertiesLoaderSupport.java:177) - Loading properties file from URL [file:D:/workspace/duplex-oracle-server/conf/credentials.properties]
[20:47:38:067] [INFO] - org.springframework.beans.factory.support.DefaultListableBeanFactory.preInstantiateSingletons(DefaultListableBeanFactory.java:549) - Pre-instantiating singletons in org.springframework.beans.factory.support.DefaultListableBeanFactory@49556011: defining beans [queueBrowser,messageQuery,queueConsumerQuery,connectionQuery,org.springframework.beans.factory.config.PropertyPlaceholderConfigurer#0,brokerQuery,sessionPool,connectionFactory]; root of factory hierarchy
[20:47:38:096] [INFO] - org.apache.activemq.web.WebConsoleStarter.contextInitialized(WebConsoleStarter.java:47) - ActiveMQ WebConsole initialized.
[20:47:38:204] [INFO] - org.slf4j.impl.JCLLoggerAdapter.info(JCLLoggerAdapter.java:327) - Initializing Spring FrameworkServlet 'dispatcher'
[20:47:38:204] [INFO] - org.springframework.web.servlet.FrameworkServlet.initServletBean(FrameworkServlet.java:301) - FrameworkServlet 'dispatcher': initialization started
[20:47:38:206] [INFO] - org.springframework.context.support.AbstractApplicationContext.prepareRefresh(AbstractApplicationContext.java:456) - Refreshing WebApplicationContext for namespace 'dispatcher-servlet': startup date [Mon Jun 12 20:47:38 GMT+08:00 2017]; parent: Root WebApplicationContext
[20:47:38:206] [INFO] - org.springframework.beans.factory.xml.XmlBeanDefinitionReader.loadBeanDefinitions(XmlBeanDefinitionReader.java:315) - Loading XML bean definitions from ServletContext resource [/WEB-INF/dispatcher-servlet.xml]
[20:47:38:263] [INFO] - org.springframework.beans.factory.support.DefaultListableBeanFactory.preInstantiateSingletons(DefaultListableBeanFactory.java:549) - Pre-instantiating singletons in org.springframework.beans.factory.support.DefaultListableBeanFactory@4fe11829: defining beans [handlerMapping,/createDestination.action,/deleteDestination.action,/createSubscriber.action,/deleteSubscriber.action,/sendMessage.action,/purgeDestination.action,/deleteMessage.action,/copyMessage.action,/moveMessage.action,/deleteJob.action,exceptionResolver]; parent: org.springframework.beans.factory.support.DefaultListableBeanFactory@49556011
[20:47:38:282] [INFO] - org.springframework.web.servlet.handler.AbstractUrlHandlerMapping.registerHandler(AbstractUrlHandlerMapping.java:411) - Mapped URL path [/createDestination.action] onto handler [/createDestination.action]
[20:47:38:282] [INFO] - org.springframework.web.servlet.handler.AbstractUrlHandlerMapping.registerHandler(AbstractUrlHandlerMapping.java:411) - Mapped URL path [/deleteDestination.action] onto handler [/deleteDestination.action]
[20:47:38:282] [INFO] - org.springframework.web.servlet.handler.AbstractUrlHandlerMapping.registerHandler(AbstractUrlHandlerMapping.java:411) - Mapped URL path [/createSubscriber.action] onto handler [/createSubscriber.action]
[20:47:38:282] [INFO] - org.springframework.web.servlet.handler.AbstractUrlHandlerMapping.registerHandler(AbstractUrlHandlerMapping.java:411) - Mapped URL path [/deleteSubscriber.action] onto handler [/deleteSubscriber.action]
[20:47:38:283] [INFO] - org.springframework.web.servlet.handler.AbstractUrlHandlerMapping.registerHandler(AbstractUrlHandlerMapping.java:411) - Mapped URL path [/sendMessage.action] onto handler [/sendMessage.action]
[20:47:38:283] [INFO] - org.springframework.web.servlet.handler.AbstractUrlHandlerMapping.registerHandler(AbstractUrlHandlerMapping.java:411) - Mapped URL path [/purgeDestination.action] onto handler [/purgeDestination.action]
[20:47:38:283] [INFO] - org.springframework.web.servlet.handler.AbstractUrlHandlerMapping.registerHandler(AbstractUrlHandlerMapping.java:411) - Mapped URL path [/deleteMessage.action] onto handler [/deleteMessage.action]
[20:47:38:284] [INFO] - org.springframework.web.servlet.handler.AbstractUrlHandlerMapping.registerHandler(AbstractUrlHandlerMapping.java:411) - Mapped URL path [/copyMessage.action] onto handler [/copyMessage.action]
[20:47:38:284] [INFO] - org.springframework.web.servlet.handler.AbstractUrlHandlerMapping.registerHandler(AbstractUrlHandlerMapping.java:411) - Mapped URL path [/moveMessage.action] onto handler [/moveMessage.action]
[20:47:38:284] [INFO] - org.springframework.web.servlet.handler.AbstractUrlHandlerMapping.registerHandler(AbstractUrlHandlerMapping.java:411) - Mapped URL path [/deleteJob.action] onto handler [/deleteJob.action]
[20:47:38:402] [INFO] - org.springframework.web.servlet.FrameworkServlet.initServletBean(FrameworkServlet.java:320) - FrameworkServlet 'dispatcher': initialization completed in 198 ms
[20:47:38:403] [INFO] - org.slf4j.impl.JCLLoggerAdapter.info(JCLLoggerAdapter.java:327) - ActiveMQ Console at http://0.0.0.0:9999/admin
[20:47:38:428] [INFO] - org.slf4j.impl.JCLLoggerAdapter.info(JCLLoggerAdapter.java:327) - Initializing Spring root WebApplicationContext
[20:47:38:429] [INFO] - org.springframework.web.context.ContextLoader.initWebApplicationContext(ContextLoader.java:187) - Root WebApplicationContext: initialization started
[20:47:38:429] [INFO] - org.springframework.context.support.AbstractApplicationContext.prepareRefresh(AbstractApplicationContext.java:456) - Refreshing Root WebApplicationContext: startup date [Mon Jun 12 20:47:38 GMT+08:00 2017]; root of context hierarchy
[20:47:38:430] [INFO] - org.springframework.beans.factory.xml.XmlBeanDefinitionReader.loadBeanDefinitions(XmlBeanDefinitionReader.java:315) - Loading XML bean definitions from ServletContext resource [/WEB-INF/applicationContext.xml]
[20:47:38:452] [INFO] - org.springframework.beans.factory.support.DefaultListableBeanFactory.preInstantiateSingletons(DefaultListableBeanFactory.java:549) - Pre-instantiating singletons in org.springframework.beans.factory.support.DefaultListableBeanFactory@555528e1: defining beans []; root of factory hierarchy
[20:47:38:453] [INFO] - org.springframework.web.context.ContextLoader.initWebApplicationContext(ContextLoader.java:214) - Root WebApplicationContext: initialization completed in 24 ms
[20:47:38:651] [INFO] - com.opensymphony.xwork2.util.logging.commons.CommonsLogger.info(CommonsLogger.java:42) - Parsing configuration file [struts-default.xml]
[20:47:38:809] [INFO] - com.opensymphony.xwork2.util.logging.commons.CommonsLogger.info(CommonsLogger.java:42) - Parsing configuration file [struts-plugin.xml]
[20:47:38:829] [INFO] - com.opensymphony.xwork2.util.logging.commons.CommonsLogger.info(CommonsLogger.java:42) - Parsing configuration file [struts.xml]
[20:47:38:835] [INFO] - com.opensymphony.xwork2.util.logging.commons.CommonsLogger.info(CommonsLogger.java:42) - Choosing bean (spring) for (com.opensymphony.xwork2.ObjectFactory)
[20:47:38:835] [INFO] - com.opensymphony.xwork2.util.logging.commons.CommonsLogger.info(CommonsLogger.java:42) - Choosing bean (struts) for (com.opensymphony.xwork2.FileManagerFactory)
[20:47:38:836] [INFO] - com.opensymphony.xwork2.util.logging.commons.CommonsLogger.info(CommonsLogger.java:42) - Choosing bean (struts) for (com.opensymphony.xwork2.conversion.impl.XWorkConverter)
[20:47:38:836] [INFO] - com.opensymphony.xwork2.util.logging.commons.CommonsLogger.info(CommonsLogger.java:42) - Choosing bean (struts) for (com.opensymphony.xwork2.conversion.impl.CollectionConverter)
[20:47:38:836] [INFO] - com.opensymphony.xwork2.util.logging.commons.CommonsLogger.info(CommonsLogger.java:42) - Choosing bean (struts) for (com.opensymphony.xwork2.conversion.impl.ArrayConverter)
[20:47:38:837] [INFO] - com.opensymphony.xwork2.util.logging.commons.CommonsLogger.info(CommonsLogger.java:42) - Choosing bean (struts) for (com.opensymphony.xwork2.conversion.impl.DateConverter)
[20:47:38:837] [INFO] - com.opensymphony.xwork2.util.logging.commons.CommonsLogger.info(CommonsLogger.java:42) - Choosing bean (struts) for (com.opensymphony.xwork2.conversion.impl.NumberConverter)
[20:47:38:837] [INFO] - com.opensymphony.xwork2.util.logging.commons.CommonsLogger.info(CommonsLogger.java:42) - Choosing bean (struts) for (com.opensymphony.xwork2.conversion.impl.StringConverter)
[20:47:38:838] [INFO] - com.opensymphony.xwork2.util.logging.commons.CommonsLogger.info(CommonsLogger.java:42) - Choosing bean (struts) for (com.opensymphony.xwork2.conversion.ConversionPropertiesProcessor)
[20:47:38:838] [INFO] - com.opensymphony.xwork2.util.logging.commons.CommonsLogger.info(CommonsLogger.java:42) - Choosing bean (struts) for (com.opensymphony.xwork2.conversion.ConversionFileProcessor)
[20:47:38:838] [INFO] - com.opensymphony.xwork2.util.logging.commons.CommonsLogger.info(CommonsLogger.java:42) - Choosing bean (struts) for (com.opensymphony.xwork2.conversion.ConversionAnnotationProcessor)
[20:47:38:839] [INFO] - com.opensymphony.xwork2.util.logging.commons.CommonsLogger.info(CommonsLogger.java:42) - Choosing bean (struts) for (com.opensymphony.xwork2.conversion.TypeConverterCreator)
[20:47:38:839] [INFO] - com.opensymphony.xwork2.util.logging.commons.CommonsLogger.info(CommonsLogger.java:42) - Choosing bean (struts) for (com.opensymphony.xwork2.conversion.TypeConverterHolder)
[20:47:38:839] [INFO] - com.opensymphony.xwork2.util.logging.commons.CommonsLogger.info(CommonsLogger.java:42) - Choosing bean (struts) for (com.opensymphony.xwork2.TextProvider)
[20:47:38:839] [INFO] - com.opensymphony.xwork2.util.logging.commons.CommonsLogger.info(CommonsLogger.java:42) - Choosing bean (struts) for (com.opensymphony.xwork2.LocaleProvider)
[20:47:38:840] [INFO] - com.opensymphony.xwork2.util.logging.commons.CommonsLogger.info(CommonsLogger.java:42) - Choosing bean (struts) for (com.opensymphony.xwork2.ActionProxyFactory)
[20:47:38:840] [INFO] - com.opensymphony.xwork2.util.logging.commons.CommonsLogger.info(CommonsLogger.java:42) - Choosing bean (struts) for (com.opensymphony.xwork2.conversion.ObjectTypeDeterminer)
[20:47:38:840] [INFO] - com.opensymphony.xwork2.util.logging.commons.CommonsLogger.info(CommonsLogger.java:42) - Choosing bean (struts) for (org.apache.struts2.dispatcher.mapper.ActionMapper)
[20:47:38:841] [INFO] - com.opensymphony.xwork2.util.logging.commons.CommonsLogger.info(CommonsLogger.java:42) - Choosing bean (jakarta) for (org.apache.struts2.dispatcher.multipart.MultiPartRequest)
[20:47:38:841] [INFO] - com.opensymphony.xwork2.util.logging.commons.CommonsLogger.info(CommonsLogger.java:42) - Choosing bean (struts) for (org.apache.struts2.views.freemarker.FreemarkerManager)
[20:47:38:843] [INFO] - com.opensymphony.xwork2.util.logging.commons.CommonsLogger.info(CommonsLogger.java:42) - Choosing bean (struts) for (org.apache.struts2.components.UrlRenderer)
[20:47:38:843] [INFO] - com.opensymphony.xwork2.util.logging.commons.CommonsLogger.info(CommonsLogger.java:42) - Choosing bean (struts) for (com.opensymphony.xwork2.validator.ActionValidatorManager)
[20:47:38:844] [INFO] - com.opensymphony.xwork2.util.logging.commons.CommonsLogger.info(CommonsLogger.java:42) - Choosing bean (struts) for (com.opensymphony.xwork2.util.ValueStackFactory)
[20:47:38:844] [INFO] - com.opensymphony.xwork2.util.logging.commons.CommonsLogger.info(CommonsLogger.java:42) - Choosing bean (struts) for (com.opensymphony.xwork2.util.reflection.ReflectionProvider)
[20:47:38:844] [INFO] - com.opensymphony.xwork2.util.logging.commons.CommonsLogger.info(CommonsLogger.java:42) - Choosing bean (struts) for (com.opensymphony.xwork2.util.reflection.ReflectionContextFactory)
[20:47:38:844] [INFO] - com.opensymphony.xwork2.util.logging.commons.CommonsLogger.info(CommonsLogger.java:42) - Choosing bean (struts) for (com.opensymphony.xwork2.util.PatternMatcher)
[20:47:38:845] [INFO] - com.opensymphony.xwork2.util.logging.commons.CommonsLogger.info(CommonsLogger.java:42) - Choosing bean (struts) for (org.apache.struts2.dispatcher.StaticContentLoader)
[20:47:38:845] [INFO] - com.opensymphony.xwork2.util.logging.commons.CommonsLogger.info(CommonsLogger.java:42) - Choosing bean (struts) for (com.opensymphony.xwork2.UnknownHandlerManager)
[20:47:38:846] [INFO] - com.opensymphony.xwork2.util.logging.commons.CommonsLogger.info(CommonsLogger.java:42) - Choosing bean (struts) for (org.apache.struts2.views.util.UrlHelper)
[20:47:38:846] [INFO] - com.opensymphony.xwork2.util.logging.commons.CommonsLogger.info(CommonsLogger.java:42) - Choosing bean (struts) for (com.opensymphony.xwork2.util.TextParser)
[20:47:38:865] [INFO] - com.opensymphony.xwork2.util.logging.commons.CommonsLogger.info(CommonsLogger.java:42) - Initializing Struts-Spring integration...
[20:47:38:867] [INFO] - com.opensymphony.xwork2.util.logging.commons.CommonsLogger.info(CommonsLogger.java:42) - Setting autowire strategy to name
[20:47:38:867] [INFO] - com.opensymphony.xwork2.util.logging.commons.CommonsLogger.info(CommonsLogger.java:42) - ... initialized Struts-Spring integration successfully
[20:47:39:300] [INFO] - org.slf4j.impl.JCLLoggerAdapter.info(JCLLoggerAdapter.java:327) - DUPLEX Console at http://0.0.0.0:9999/console
[20:47:39:395] [INFO] - org.slf4j.impl.JCLLoggerAdapter.info(JCLLoggerAdapter.java:327) - Started SelectChannelConnector@0.0.0.0:9999
[20:47:39:400] [INFO] - org.apache.activemq.broker.TransportConnector.start(TransportConnector.java:252) - Connector vm://Broker Started
[20:48:06:018] [INFO] - com.geovis.duplex.OracleServer.load(OracleServer.java:91) - Database setup over!
[20:48:10:620] [INFO] - com.geovis.duplex.OracleServer$SchemaTask.refresh(OracleServer.java:334) - start thread GFGXDB.TEST1
[20:48:15:807] [INFO] - org.springframework.context.support.AbstractApplicationContext.prepareRefresh(AbstractApplicationContext.java:456) - Refreshing org.apache.activemq.xbean.XBeanBrokerFactory$1@2d7b9f59: startup date [Mon Jun 12 20:48:15 GMT+08:00 2017]; root of context hierarchy
[20:48:15:840] [INFO] - org.springframework.beans.factory.xml.XmlBeanDefinitionReader.loadBeanDefinitions(XmlBeanDefinitionReader.java:315) - Loading XML bean definitions from file [D:\workspace\duplex-oracle-server\conf\activemq.xml]
[20:48:16:122] [INFO] - org.springframework.beans.factory.xml.XmlBeanDefinitionReader.loadBeanDefinitions(XmlBeanDefinitionReader.java:315) - Loading XML bean definitions from file [D:\workspace\duplex-oracle-server\conf\jetty.xml]
[20:48:16:251] [INFO] - org.springframework.core.io.support.PropertiesLoaderSupport.loadProperties(PropertiesLoaderSupport.java:177) - Loading properties file from URL [file:D:/workspace/duplex-oracle-server/conf/credentials.properties]
[20:48:16:258] [INFO] - org.springframework.beans.factory.support.DefaultListableBeanFactory.preInstantiateSingletons(DefaultListableBeanFactory.java:549) - Pre-instantiating singletons in org.springframework.beans.factory.support.DefaultListableBeanFactory@4c93ae97: defining beans [org.springframework.beans.factory.config.PropertyPlaceholderConfigurer#0,org.apache.activemq.xbean.XBeanBrokerService#0,securityLoginService,securityConstraint,securityConstraintMapping,securityHandler,contexts,Server]; root of factory hierarchy
[20:48:16:319] [INFO] - org.apache.activemq.store.kahadb.plist.PListStore.doStart(PListStore.java:288) - PListStore:D:\workspace\duplex-oracle-server\data\Broker\tmp_storage started
[20:48:16:328] [INFO] - org.apache.activemq.broker.BrokerService.start(BrokerService.java:481) - Using Persistence Adapter: KahaDBPersistenceAdapter[D:\workspace\duplex-oracle-server\data\kahadb]
[20:48:16:590] [INFO] - org.apache.activemq.store.kahadb.MessageDatabase$Metadata.read(MessageDatabase.java:142) - KahaDB is version 3
[20:48:16:622] [INFO] - org.apache.activemq.store.kahadb.MessageDatabase.recover(MessageDatabase.java:445) - Recovering from the journal ...
[20:48:16:623] [INFO] - org.apache.activemq.store.kahadb.MessageDatabase.recover(MessageDatabase.java:454) - Recovery replayed 3 operations from the journal in 0.014 seconds.
[20:48:16:630] [INFO] - org.apache.activemq.broker.BrokerService.getBroker(BrokerService.java:749) - ActiveMQ 5.4.3 JMS Message Broker (Broker) is starting
[20:48:16:630] [INFO] - org.apache.activemq.broker.BrokerService.getBroker(BrokerService.java:751) - For help or more information please see: http://activemq.apache.org/
[20:48:16:757] [INFO] - org.apache.activemq.transport.TransportServerThreadSupport.doStart(TransportServerThreadSupport.java:72) - Listening for connections at: tcp://LAPTOP-O8QUOA7K:61616
[20:48:16:758] [INFO] - org.apache.activemq.broker.TransportConnector.start(TransportConnector.java:252) - Connector openwire Started
[20:48:16:759] [INFO] - org.apache.activemq.broker.BrokerService.start(BrokerService.java:524) - ActiveMQ JMS Message Broker (Broker, ID:LAPTOP-O8QUOA7K-50950-1497271695657-1:1) started
[20:48:16:805] [INFO] - org.slf4j.impl.JCLLoggerAdapter.info(JCLLoggerAdapter.java:327) - jetty-7.1.6.v20100715
[20:48:16:876] [INFO] - org.springframework.context.support.AbstractApplicationContext.prepareRefresh(AbstractApplicationContext.java:456) - Refreshing Root WebApplicationContext: startup date [Mon Jun 12 20:48:16 GMT+08:00 2017]; root of context hierarchy
[20:48:16:877] [INFO] - org.springframework.beans.factory.xml.XmlBeanDefinitionReader.loadBeanDefinitions(XmlBeanDefinitionReader.java:315) - Loading XML bean definitions from ServletContext resource [/WEB-INF/webconsole-embedded.xml]
[20:48:16:892] [INFO] - org.springframework.beans.factory.xml.XmlBeanDefinitionReader.loadBeanDefinitions(XmlBeanDefinitionReader.java:315) - Loading XML bean definitions from ServletContext resource [/WEB-INF/webconsole-query.xml]
[20:48:16:914] [INFO] - org.springframework.core.io.support.PropertiesLoaderSupport.loadProperties(PropertiesLoaderSupport.java:177) - Loading properties file from URL [file:D:/workspace/duplex-oracle-server/conf/credentials.properties]
[20:48:16:920] [INFO] - org.springframework.beans.factory.support.DefaultListableBeanFactory.preInstantiateSingletons(DefaultListableBeanFactory.java:549) - Pre-instantiating singletons in org.springframework.beans.factory.support.DefaultListableBeanFactory@664090b7: defining beans [queueBrowser,messageQuery,queueConsumerQuery,connectionQuery,org.springframework.beans.factory.config.PropertyPlaceholderConfigurer#0,brokerQuery,sessionPool,connectionFactory]; root of factory hierarchy
[20:48:16:933] [INFO] - org.apache.activemq.web.WebConsoleStarter.contextInitialized(WebConsoleStarter.java:47) - ActiveMQ WebConsole initialized.
[20:48:17:019] [INFO] - org.slf4j.impl.JCLLoggerAdapter.info(JCLLoggerAdapter.java:327) - Initializing Spring FrameworkServlet 'dispatcher'
[20:48:17:020] [INFO] - org.springframework.web.servlet.FrameworkServlet.initServletBean(FrameworkServlet.java:301) - FrameworkServlet 'dispatcher': initialization started
[20:48:17:022] [INFO] - org.springframework.context.support.AbstractApplicationContext.prepareRefresh(AbstractApplicationContext.java:456) - Refreshing WebApplicationContext for namespace 'dispatcher-servlet': startup date [Mon Jun 12 20:48:17 GMT+08:00 2017]; parent: Root WebApplicationContext
[20:48:17:023] [INFO] - org.springframework.beans.factory.xml.XmlBeanDefinitionReader.loadBeanDefinitions(XmlBeanDefinitionReader.java:315) - Loading XML bean definitions from ServletContext resource [/WEB-INF/dispatcher-servlet.xml]
[20:48:17:044] [INFO] - org.springframework.beans.factory.support.DefaultListableBeanFactory.preInstantiateSingletons(DefaultListableBeanFactory.java:549) - Pre-instantiating singletons in org.springframework.beans.factory.support.DefaultListableBeanFactory@1c154d75: defining beans [handlerMapping,/createDestination.action,/deleteDestination.action,/createSubscriber.action,/deleteSubscriber.action,/sendMessage.action,/purgeDestination.action,/deleteMessage.action,/copyMessage.action,/moveMessage.action,/deleteJob.action,exceptionResolver]; parent: org.springframework.beans.factory.support.DefaultListableBeanFactory@664090b7
[20:48:17:055] [INFO] - org.springframework.web.servlet.handler.AbstractUrlHandlerMapping.registerHandler(AbstractUrlHandlerMapping.java:411) - Mapped URL path [/createDestination.action] onto handler [/createDestination.action]
[20:48:17:055] [INFO] - org.springframework.web.servlet.handler.AbstractUrlHandlerMapping.registerHandler(AbstractUrlHandlerMapping.java:411) - Mapped URL path [/deleteDestination.action] onto handler [/deleteDestination.action]
[20:48:17:056] [INFO] - org.springframework.web.servlet.handler.AbstractUrlHandlerMapping.registerHandler(AbstractUrlHandlerMapping.java:411) - Mapped URL path [/createSubscriber.action] onto handler [/createSubscriber.action]
[20:48:17:057] [INFO] - org.springframework.web.servlet.handler.AbstractUrlHandlerMapping.registerHandler(AbstractUrlHandlerMapping.java:411) - Mapped URL path [/deleteSubscriber.action] onto handler [/deleteSubscriber.action]
[20:48:17:057] [INFO] - org.springframework.web.servlet.handler.AbstractUrlHandlerMapping.registerHandler(AbstractUrlHandlerMapping.java:411) - Mapped URL path [/sendMessage.action] onto handler [/sendMessage.action]
[20:48:17:057] [INFO] - org.springframework.web.servlet.handler.AbstractUrlHandlerMapping.registerHandler(AbstractUrlHandlerMapping.java:411) - Mapped URL path [/purgeDestination.action] onto handler [/purgeDestination.action]
[20:48:17:058] [INFO] - org.springframework.web.servlet.handler.AbstractUrlHandlerMapping.registerHandler(AbstractUrlHandlerMapping.java:411) - Mapped URL path [/deleteMessage.action] onto handler [/deleteMessage.action]
[20:48:17:058] [INFO] - org.springframework.web.servlet.handler.AbstractUrlHandlerMapping.registerHandler(AbstractUrlHandlerMapping.java:411) - Mapped URL path [/copyMessage.action] onto handler [/copyMessage.action]
[20:48:17:059] [INFO] - org.springframework.web.servlet.handler.AbstractUrlHandlerMapping.registerHandler(AbstractUrlHandlerMapping.java:411) - Mapped URL path [/moveMessage.action] onto handler [/moveMessage.action]
[20:48:17:059] [INFO] - org.springframework.web.servlet.handler.AbstractUrlHandlerMapping.registerHandler(AbstractUrlHandlerMapping.java:411) - Mapped URL path [/deleteJob.action] onto handler [/deleteJob.action]
[20:48:17:121] [INFO] - org.springframework.web.servlet.FrameworkServlet.initServletBean(FrameworkServlet.java:320) - FrameworkServlet 'dispatcher': initialization completed in 101 ms
[20:48:17:121] [INFO] - org.slf4j.impl.JCLLoggerAdapter.info(JCLLoggerAdapter.java:327) - ActiveMQ Console at http://0.0.0.0:9999/admin
[20:48:17:139] [INFO] - org.slf4j.impl.JCLLoggerAdapter.info(JCLLoggerAdapter.java:327) - Initializing Spring root WebApplicationContext
[20:48:17:139] [INFO] - org.springframework.web.context.ContextLoader.initWebApplicationContext(ContextLoader.java:187) - Root WebApplicationContext: initialization started
[20:48:17:140] [INFO] - org.springframework.context.support.AbstractApplicationContext.prepareRefresh(AbstractApplicationContext.java:456) - Refreshing Root WebApplicationContext: startup date [Mon Jun 12 20:48:17 GMT+08:00 2017]; root of context hierarchy
[20:48:17:140] [INFO] - org.springframework.beans.factory.xml.XmlBeanDefinitionReader.loadBeanDefinitions(XmlBeanDefinitionReader.java:315) - Loading XML bean definitions from ServletContext resource [/WEB-INF/applicationContext.xml]
[20:48:17:149] [INFO] - org.springframework.beans.factory.support.DefaultListableBeanFactory.preInstantiateSingletons(DefaultListableBeanFactory.java:549) - Pre-instantiating singletons in org.springframework.beans.factory.support.DefaultListableBeanFactory@48fa057b: defining beans []; root of factory hierarchy
[20:48:17:150] [INFO] - org.springframework.web.context.ContextLoader.initWebApplicationContext(ContextLoader.java:214) - Root WebApplicationContext: initialization completed in 11 ms
[20:48:17:287] [INFO] - com.opensymphony.xwork2.util.logging.commons.CommonsLogger.info(CommonsLogger.java:42) - Parsing configuration file [struts-default.xml]
[20:48:17:334] [INFO] - com.opensymphony.xwork2.util.logging.commons.CommonsLogger.info(CommonsLogger.java:42) - Parsing configuration file [struts-plugin.xml]
[20:48:17:340] [INFO] - com.opensymphony.xwork2.util.logging.commons.CommonsLogger.info(CommonsLogger.java:42) - Parsing configuration file [struts.xml]
[20:48:17:342] [INFO] - com.opensymphony.xwork2.util.logging.commons.CommonsLogger.info(CommonsLogger.java:42) - Choosing bean (spring) for (com.opensymphony.xwork2.ObjectFactory)
[20:48:17:342] [INFO] - com.opensymphony.xwork2.util.logging.commons.CommonsLogger.info(CommonsLogger.java:42) - Choosing bean (struts) for (com.opensymphony.xwork2.FileManagerFactory)
[20:48:17:343] [INFO] - com.opensymphony.xwork2.util.logging.commons.CommonsLogger.info(CommonsLogger.java:42) - Choosing bean (struts) for (com.opensymphony.xwork2.conversion.impl.XWorkConverter)
[20:48:17:343] [INFO] - com.opensymphony.xwork2.util.logging.commons.CommonsLogger.info(CommonsLogger.java:42) - Choosing bean (struts) for (com.opensymphony.xwork2.conversion.impl.CollectionConverter)
[20:48:17:343] [INFO] - com.opensymphony.xwork2.util.logging.commons.CommonsLogger.info(CommonsLogger.java:42) - Choosing bean (struts) for (com.opensymphony.xwork2.conversion.impl.ArrayConverter)
[20:48:17:343] [INFO] - com.opensymphony.xwork2.util.logging.commons.CommonsLogger.info(CommonsLogger.java:42) - Choosing bean (struts) for (com.opensymphony.xwork2.conversion.impl.DateConverter)
[20:48:17:344] [INFO] - com.opensymphony.xwork2.util.logging.commons.CommonsLogger.info(CommonsLogger.java:42) - Choosing bean (struts) for (com.opensymphony.xwork2.conversion.impl.NumberConverter)
[20:48:17:344] [INFO] - com.opensymphony.xwork2.util.logging.commons.CommonsLogger.info(CommonsLogger.java:42) - Choosing bean (struts) for (com.opensymphony.xwork2.conversion.impl.StringConverter)
[20:48:17:344] [INFO] - com.opensymphony.xwork2.util.logging.commons.CommonsLogger.info(CommonsLogger.java:42) - Choosing bean (struts) for (com.opensymphony.xwork2.conversion.ConversionPropertiesProcessor)
[20:48:17:345] [INFO] - com.opensymphony.xwork2.util.logging.commons.CommonsLogger.info(CommonsLogger.java:42) - Choosing bean (struts) for (com.opensymphony.xwork2.conversion.ConversionFileProcessor)
[20:48:17:345] [INFO] - com.opensymphony.xwork2.util.logging.commons.CommonsLogger.info(CommonsLogger.java:42) - Choosing bean (struts) for (com.opensymphony.xwork2.conversion.ConversionAnnotationProcessor)
[20:48:17:345] [INFO] - com.opensymphony.xwork2.util.logging.commons.CommonsLogger.info(CommonsLogger.java:42) - Choosing bean (struts) for (com.opensymphony.xwork2.conversion.TypeConverterCreator)
[20:48:17:345] [INFO] - com.opensymphony.xwork2.util.logging.commons.CommonsLogger.info(CommonsLogger.java:42) - Choosing bean (struts) for (com.opensymphony.xwork2.conversion.TypeConverterHolder)
[20:48:17:346] [INFO] - com.opensymphony.xwork2.util.logging.commons.CommonsLogger.info(CommonsLogger.java:42) - Choosing bean (struts) for (com.opensymphony.xwork2.TextProvider)
[20:48:17:346] [INFO] - com.opensymphony.xwork2.util.logging.commons.CommonsLogger.info(CommonsLogger.java:42) - Choosing bean (struts) for (com.opensymphony.xwork2.LocaleProvider)
[20:48:17:346] [INFO] - com.opensymphony.xwork2.util.logging.commons.CommonsLogger.info(CommonsLogger.java:42) - Choosing bean (struts) for (com.opensymphony.xwork2.ActionProxyFactory)
[20:48:17:346] [INFO] - com.opensymphony.xwork2.util.logging.commons.CommonsLogger.info(CommonsLogger.java:42) - Choosing bean (struts) for (com.opensymphony.xwork2.conversion.ObjectTypeDeterminer)
[20:48:17:346] [INFO] - com.opensymphony.xwork2.util.logging.commons.CommonsLogger.info(CommonsLogger.java:42) - Choosing bean (struts) for (org.apache.struts2.dispatcher.mapper.ActionMapper)
[20:48:17:347] [INFO] - com.opensymphony.xwork2.util.logging.commons.CommonsLogger.info(CommonsLogger.java:42) - Choosing bean (jakarta) for (org.apache.struts2.dispatcher.multipart.MultiPartRequest)
[20:48:17:347] [INFO] - com.opensymphony.xwork2.util.logging.commons.CommonsLogger.info(CommonsLogger.java:42) - Choosing bean (struts) for (org.apache.struts2.views.freemarker.FreemarkerManager)
[20:48:17:349] [INFO] - com.opensymphony.xwork2.util.logging.commons.CommonsLogger.info(CommonsLogger.java:42) - Choosing bean (struts) for (org.apache.struts2.components.UrlRenderer)
[20:48:17:349] [INFO] - com.opensymphony.xwork2.util.logging.commons.CommonsLogger.info(CommonsLogger.java:42) - Choosing bean (struts) for (com.opensymphony.xwork2.validator.ActionValidatorManager)
[20:48:17:349] [INFO] - com.opensymphony.xwork2.util.logging.commons.CommonsLogger.info(CommonsLogger.java:42) - Choosing bean (struts) for (com.opensymphony.xwork2.util.ValueStackFactory)
[20:48:17:350] [INFO] - com.opensymphony.xwork2.util.logging.commons.CommonsLogger.info(CommonsLogger.java:42) - Choosing bean (struts) for (com.opensymphony.xwork2.util.reflection.ReflectionProvider)
[20:48:17:350] [INFO] - com.opensymphony.xwork2.util.logging.commons.CommonsLogger.info(CommonsLogger.java:42) - Choosing bean (struts) for (com.opensymphony.xwork2.util.reflection.ReflectionContextFactory)
[20:48:17:350] [INFO] - com.opensymphony.xwork2.util.logging.commons.CommonsLogger.info(CommonsLogger.java:42) - Choosing bean (struts) for (com.opensymphony.xwork2.util.PatternMatcher)
[20:48:17:350] [INFO] - com.opensymphony.xwork2.util.logging.commons.CommonsLogger.info(CommonsLogger.java:42) - Choosing bean (struts) for (org.apache.struts2.dispatcher.StaticContentLoader)
[20:48:17:351] [INFO] - com.opensymphony.xwork2.util.logging.commons.CommonsLogger.info(CommonsLogger.java:42) - Choosing bean (struts) for (com.opensymphony.xwork2.UnknownHandlerManager)
[20:48:17:351] [INFO] - com.opensymphony.xwork2.util.logging.commons.CommonsLogger.info(CommonsLogger.java:42) - Choosing bean (struts) for (org.apache.struts2.views.util.UrlHelper)
[20:48:17:351] [INFO] - com.opensymphony.xwork2.util.logging.commons.CommonsLogger.info(CommonsLogger.java:42) - Choosing bean (struts) for (com.opensymphony.xwork2.util.TextParser)
[20:48:17:362] [INFO] - com.opensymphony.xwork2.util.logging.commons.CommonsLogger.info(CommonsLogger.java:42) - Initializing Struts-Spring integration...
[20:48:17:363] [INFO] - com.opensymphony.xwork2.util.logging.commons.CommonsLogger.info(CommonsLogger.java:42) - Setting autowire strategy to name
[20:48:17:363] [INFO] - com.opensymphony.xwork2.util.logging.commons.CommonsLogger.info(CommonsLogger.java:42) - ... initialized Struts-Spring integration successfully
[20:49:01:710] [INFO] - com.geovis.duplex.OracleServer.load(OracleServer.java:91) - Database setup over!
[20:49:06:423] [INFO] - com.geovis.duplex.OracleServer$SchemaTask.refresh(OracleServer.java:334) - start thread GFGXDB.TEST1
[20:49:11:280] [INFO] - org.springframework.context.support.AbstractApplicationContext.prepareRefresh(AbstractApplicationContext.java:456) - Refreshing org.apache.activemq.xbean.XBeanBrokerFactory$1@5a3f94ae: startup date [Mon Jun 12 20:49:11 GMT+08:00 2017]; root of context hierarchy
[20:49:11:316] [INFO] - org.springframework.beans.factory.xml.XmlBeanDefinitionReader.loadBeanDefinitions(XmlBeanDefinitionReader.java:315) - Loading XML bean definitions from file [D:\workspace\duplex-oracle-server\conf\activemq.xml]
[20:49:11:584] [INFO] - org.springframework.beans.factory.xml.XmlBeanDefinitionReader.loadBeanDefinitions(XmlBeanDefinitionReader.java:315) - Loading XML bean definitions from file [D:\workspace\duplex-oracle-server\conf\jetty.xml]
[20:49:11:706] [INFO] - org.springframework.core.io.support.PropertiesLoaderSupport.loadProperties(PropertiesLoaderSupport.java:177) - Loading properties file from URL [file:D:/workspace/duplex-oracle-server/conf/credentials.properties]
[20:49:11:720] [INFO] - org.springframework.beans.factory.support.DefaultListableBeanFactory.preInstantiateSingletons(DefaultListableBeanFactory.java:549) - Pre-instantiating singletons in org.springframework.beans.factory.support.DefaultListableBeanFactory@226dec79: defining beans [org.springframework.beans.factory.config.PropertyPlaceholderConfigurer#0,org.apache.activemq.xbean.XBeanBrokerService#0,securityLoginService,securityConstraint,securityConstraintMapping,securityHandler,contexts,Server]; root of factory hierarchy
[20:49:11:779] [INFO] - org.apache.activemq.store.kahadb.plist.PListStore.doStart(PListStore.java:288) - PListStore:D:\workspace\duplex-oracle-server\data\Broker\tmp_storage started
[20:49:11:788] [INFO] - org.apache.activemq.broker.BrokerService.start(BrokerService.java:481) - Using Persistence Adapter: KahaDBPersistenceAdapter[D:\workspace\duplex-oracle-server\data\kahadb]
[20:49:12:037] [INFO] - org.apache.activemq.store.kahadb.MessageDatabase$Metadata.read(MessageDatabase.java:142) - KahaDB is version 3
[20:49:12:057] [INFO] - org.apache.activemq.store.kahadb.MessageDatabase.recover(MessageDatabase.java:445) - Recovering from the journal ...
[20:49:12:059] [INFO] - org.apache.activemq.store.kahadb.MessageDatabase.recover(MessageDatabase.java:454) - Recovery replayed 4 operations from the journal in 0.012 seconds.
[20:49:12:097] [INFO] - org.apache.activemq.broker.BrokerService.getBroker(BrokerService.java:749) - ActiveMQ 5.4.3 JMS Message Broker (Broker) is starting
[20:49:12:097] [INFO] - org.apache.activemq.broker.BrokerService.getBroker(BrokerService.java:751) - For help or more information please see: http://activemq.apache.org/
[20:49:12:192] [INFO] - org.apache.activemq.transport.TransportServerThreadSupport.doStart(TransportServerThreadSupport.java:72) - Listening for connections at: tcp://LAPTOP-O8QUOA7K:61616
[20:49:12:193] [INFO] - org.apache.activemq.broker.TransportConnector.start(TransportConnector.java:252) - Connector openwire Started
[20:49:12:195] [INFO] - org.apache.activemq.broker.BrokerService.start(BrokerService.java:524) - ActiveMQ JMS Message Broker (Broker, ID:LAPTOP-O8QUOA7K-50955-1497271751126-1:1) started
[20:49:12:242] [INFO] - org.slf4j.impl.JCLLoggerAdapter.info(JCLLoggerAdapter.java:327) - jetty-7.1.6.v20100715
[20:49:12:308] [INFO] - org.springframework.context.support.AbstractApplicationContext.prepareRefresh(AbstractApplicationContext.java:456) - Refreshing Root WebApplicationContext: startup date [Mon Jun 12 20:49:12 GMT+08:00 2017]; root of context hierarchy
[20:49:12:310] [INFO] - org.springframework.beans.factory.xml.XmlBeanDefinitionReader.loadBeanDefinitions(XmlBeanDefinitionReader.java:315) - Loading XML bean definitions from ServletContext resource [/WEB-INF/webconsole-embedded.xml]
[20:49:12:321] [INFO] - org.springframework.beans.factory.xml.XmlBeanDefinitionReader.loadBeanDefinitions(XmlBeanDefinitionReader.java:315) - Loading XML bean definitions from ServletContext resource [/WEB-INF/webconsole-query.xml]
[20:49:12:344] [INFO] - org.springframework.core.io.support.PropertiesLoaderSupport.loadProperties(PropertiesLoaderSupport.java:177) - Loading properties file from URL [file:D:/workspace/duplex-oracle-server/conf/credentials.properties]
[20:49:12:351] [INFO] - org.springframework.beans.factory.support.DefaultListableBeanFactory.preInstantiateSingletons(DefaultListableBeanFactory.java:549) - Pre-instantiating singletons in org.springframework.beans.factory.support.DefaultListableBeanFactory@3aee111a: defining beans [queueBrowser,messageQuery,queueConsumerQuery,connectionQuery,org.springframework.beans.factory.config.PropertyPlaceholderConfigurer#0,brokerQuery,sessionPool,connectionFactory]; root of factory hierarchy
[20:49:12:373] [INFO] - org.apache.activemq.web.WebConsoleStarter.contextInitialized(WebConsoleStarter.java:47) - ActiveMQ WebConsole initialized.
[20:49:12:463] [INFO] - org.slf4j.impl.JCLLoggerAdapter.info(JCLLoggerAdapter.java:327) - Initializing Spring FrameworkServlet 'dispatcher'
[20:49:12:464] [INFO] - org.springframework.web.servlet.FrameworkServlet.initServletBean(FrameworkServlet.java:301) - FrameworkServlet 'dispatcher': initialization started
[20:49:12:465] [INFO] - org.springframework.context.support.AbstractApplicationContext.prepareRefresh(AbstractApplicationContext.java:456) - Refreshing WebApplicationContext for namespace 'dispatcher-servlet': startup date [Mon Jun 12 20:49:12 GMT+08:00 2017]; parent: Root WebApplicationContext
[20:49:12:467] [INFO] - org.springframework.beans.factory.xml.XmlBeanDefinitionReader.loadBeanDefinitions(XmlBeanDefinitionReader.java:315) - Loading XML bean definitions from ServletContext resource [/WEB-INF/dispatcher-servlet.xml]
[20:49:12:488] [INFO] - org.springframework.beans.factory.support.DefaultListableBeanFactory.preInstantiateSingletons(DefaultListableBeanFactory.java:549) - Pre-instantiating singletons in org.springframework.beans.factory.support.DefaultListableBeanFactory@148feaf2: defining beans [handlerMapping,/createDestination.action,/deleteDestination.action,/createSubscriber.action,/deleteSubscriber.action,/sendMessage.action,/purgeDestination.action,/deleteMessage.action,/copyMessage.action,/moveMessage.action,/deleteJob.action,exceptionResolver]; parent: org.springframework.beans.factory.support.DefaultListableBeanFactory@3aee111a
[20:49:12:499] [INFO] - org.springframework.web.servlet.handler.AbstractUrlHandlerMapping.registerHandler(AbstractUrlHandlerMapping.java:411) - Mapped URL path [/createDestination.action] onto handler [/createDestination.action]
[20:49:12:499] [INFO] - org.springframework.web.servlet.handler.AbstractUrlHandlerMapping.registerHandler(AbstractUrlHandlerMapping.java:411) - Mapped URL path [/deleteDestination.action] onto handler [/deleteDestination.action]
[20:49:12:500] [INFO] - org.springframework.web.servlet.handler.AbstractUrlHandlerMapping.registerHandler(AbstractUrlHandlerMapping.java:411) - Mapped URL path [/createSubscriber.action] onto handler [/createSubscriber.action]
[20:49:12:500] [INFO] - org.springframework.web.servlet.handler.AbstractUrlHandlerMapping.registerHandler(AbstractUrlHandlerMapping.java:411) - Mapped URL path [/deleteSubscriber.action] onto handler [/deleteSubscriber.action]
[20:49:12:501] [INFO] - org.springframework.web.servlet.handler.AbstractUrlHandlerMapping.registerHandler(AbstractUrlHandlerMapping.java:411) - Mapped URL path [/sendMessage.action] onto handler [/sendMessage.action]
[20:49:12:501] [INFO] - org.springframework.web.servlet.handler.AbstractUrlHandlerMapping.registerHandler(AbstractUrlHandlerMapping.java:411) - Mapped URL path [/purgeDestination.action] onto handler [/purgeDestination.action]
[20:49:12:501] [INFO] - org.springframework.web.servlet.handler.AbstractUrlHandlerMapping.registerHandler(AbstractUrlHandlerMapping.java:411) - Mapped URL path [/deleteMessage.action] onto handler [/deleteMessage.action]
[20:49:12:502] [INFO] - org.springframework.web.servlet.handler.AbstractUrlHandlerMapping.registerHandler(AbstractUrlHandlerMapping.java:411) - Mapped URL path [/copyMessage.action] onto handler [/copyMessage.action]
[20:49:12:502] [INFO] - org.springframework.web.servlet.handler.AbstractUrlHandlerMapping.registerHandler(AbstractUrlHandlerMapping.java:411) - Mapped URL path [/moveMessage.action] onto handler [/moveMessage.action]
[20:49:12:503] [INFO] - org.springframework.web.servlet.handler.AbstractUrlHandlerMapping.registerHandler(AbstractUrlHandlerMapping.java:411) - Mapped URL path [/deleteJob.action] onto handler [/deleteJob.action]
[20:49:12:579] [INFO] - org.springframework.web.servlet.FrameworkServlet.initServletBean(FrameworkServlet.java:320) - FrameworkServlet 'dispatcher': initialization completed in 115 ms
[20:49:12:580] [INFO] - org.slf4j.impl.JCLLoggerAdapter.info(JCLLoggerAdapter.java:327) - ActiveMQ Console at http://0.0.0.0:9999/admin
[20:49:12:595] [INFO] - org.slf4j.impl.JCLLoggerAdapter.info(JCLLoggerAdapter.java:327) - Initializing Spring root WebApplicationContext
[20:49:12:595] [INFO] - org.springframework.web.context.ContextLoader.initWebApplicationContext(ContextLoader.java:187) - Root WebApplicationContext: initialization started
[20:49:12:596] [INFO] - org.springframework.context.support.AbstractApplicationContext.prepareRefresh(AbstractApplicationContext.java:456) - Refreshing Root WebApplicationContext: startup date [Mon Jun 12 20:49:12 GMT+08:00 2017]; root of context hierarchy
[20:49:12:596] [INFO] - org.springframework.beans.factory.xml.XmlBeanDefinitionReader.loadBeanDefinitions(XmlBeanDefinitionReader.java:315) - Loading XML bean definitions from ServletContext resource [/WEB-INF/applicationContext.xml]
[20:49:12:607] [INFO] - org.springframework.beans.factory.support.DefaultListableBeanFactory.preInstantiateSingletons(DefaultListableBeanFactory.java:549) - Pre-instantiating singletons in org.springframework.beans.factory.support.DefaultListableBeanFactory@3d5c34d6: defining beans []; root of factory hierarchy
[20:49:12:608] [INFO] - org.springframework.web.context.ContextLoader.initWebApplicationContext(ContextLoader.java:214) - Root WebApplicationContext: initialization completed in 12 ms
[20:49:12:742] [INFO] - com.opensymphony.xwork2.util.logging.commons.CommonsLogger.info(CommonsLogger.java:42) - Parsing configuration file [struts-default.xml]
[20:49:12:800] [INFO] - com.opensymphony.xwork2.util.logging.commons.CommonsLogger.info(CommonsLogger.java:42) - Parsing configuration file [struts-plugin.xml]
[20:49:12:807] [INFO] - com.opensymphony.xwork2.util.logging.commons.CommonsLogger.info(CommonsLogger.java:42) - Parsing configuration file [struts.xml]
[20:49:12:810] [INFO] - com.opensymphony.xwork2.util.logging.commons.CommonsLogger.info(CommonsLogger.java:42) - Choosing bean (spring) for (com.opensymphony.xwork2.ObjectFactory)
[20:49:12:811] [INFO] - com.opensymphony.xwork2.util.logging.commons.CommonsLogger.info(CommonsLogger.java:42) - Choosing bean (struts) for (com.opensymphony.xwork2.FileManagerFactory)
[20:49:12:811] [INFO] - com.opensymphony.xwork2.util.logging.commons.CommonsLogger.info(CommonsLogger.java:42) - Choosing bean (struts) for (com.opensymphony.xwork2.conversion.impl.XWorkConverter)
[20:49:12:811] [INFO] - com.opensymphony.xwork2.util.logging.commons.CommonsLogger.info(CommonsLogger.java:42) - Choosing bean (struts) for (com.opensymphony.xwork2.conversion.impl.CollectionConverter)
[20:49:12:811] [INFO] - com.opensymphony.xwork2.util.logging.commons.CommonsLogger.info(CommonsLogger.java:42) - Choosing bean (struts) for (com.opensymphony.xwork2.conversion.impl.ArrayConverter)
[20:49:12:812] [INFO] - com.opensymphony.xwork2.util.logging.commons.CommonsLogger.info(CommonsLogger.java:42) - Choosing bean (struts) for (com.opensymphony.xwork2.conversion.impl.DateConverter)
[20:49:12:812] [INFO] - com.opensymphony.xwork2.util.logging.commons.CommonsLogger.info(CommonsLogger.java:42) - Choosing bean (struts) for (com.opensymphony.xwork2.conversion.impl.NumberConverter)
[20:49:12:812] [INFO] - com.opensymphony.xwork2.util.logging.commons.CommonsLogger.info(CommonsLogger.java:42) - Choosing bean (struts) for (com.opensymphony.xwork2.conversion.impl.StringConverter)
[20:49:12:813] [INFO] - com.opensymphony.xwork2.util.logging.commons.CommonsLogger.info(CommonsLogger.java:42) - Choosing bean (struts) for (com.opensymphony.xwork2.conversion.ConversionPropertiesProcessor)
[20:49:12:813] [INFO] - com.opensymphony.xwork2.util.logging.commons.CommonsLogger.info(CommonsLogger.java:42) - Choosing bean (struts) for (com.opensymphony.xwork2.conversion.ConversionFileProcessor)
[20:49:12:813] [INFO] - com.opensymphony.xwork2.util.logging.commons.CommonsLogger.info(CommonsLogger.java:42) - Choosing bean (struts) for (com.opensymphony.xwork2.conversion.ConversionAnnotationProcessor)
[20:49:12:813] [INFO] - com.opensymphony.xwork2.util.logging.commons.CommonsLogger.info(CommonsLogger.java:42) - Choosing bean (struts) for (com.opensymphony.xwork2.conversion.TypeConverterCreator)
[20:49:12:814] [INFO] - com.opensymphony.xwork2.util.logging.commons.CommonsLogger.info(CommonsLogger.java:42) - Choosing bean (struts) for (com.opensymphony.xwork2.conversion.TypeConverterHolder)
[20:49:12:814] [INFO] - com.opensymphony.xwork2.util.logging.commons.CommonsLogger.info(CommonsLogger.java:42) - Choosing bean (struts) for (com.opensymphony.xwork2.TextProvider)
[20:49:12:814] [INFO] - com.opensymphony.xwork2.util.logging.commons.CommonsLogger.info(CommonsLogger.java:42) - Choosing bean (struts) for (com.opensymphony.xwork2.LocaleProvider)
[20:49:12:814] [INFO] - com.opensymphony.xwork2.util.logging.commons.CommonsLogger.info(CommonsLogger.java:42) - Choosing bean (struts) for (com.opensymphony.xwork2.ActionProxyFactory)
[20:49:12:815] [INFO] - com.opensymphony.xwork2.util.logging.commons.CommonsLogger.info(CommonsLogger.java:42) - Choosing bean (struts) for (com.opensymphony.xwork2.conversion.ObjectTypeDeterminer)
[20:49:12:815] [INFO] - com.opensymphony.xwork2.util.logging.commons.CommonsLogger.info(CommonsLogger.java:42) - Choosing bean (struts) for (org.apache.struts2.dispatcher.mapper.ActionMapper)
[20:49:12:815] [INFO] - com.opensymphony.xwork2.util.logging.commons.CommonsLogger.info(CommonsLogger.java:42) - Choosing bean (jakarta) for (org.apache.struts2.dispatcher.multipart.MultiPartRequest)
[20:49:12:815] [INFO] - com.opensymphony.xwork2.util.logging.commons.CommonsLogger.info(CommonsLogger.java:42) - Choosing bean (struts) for (org.apache.struts2.views.freemarker.FreemarkerManager)
[20:49:12:816] [INFO] - com.opensymphony.xwork2.util.logging.commons.CommonsLogger.info(CommonsLogger.java:42) - Choosing bean (struts) for (org.apache.struts2.components.UrlRenderer)
[20:49:12:817] [INFO] - com.opensymphony.xwork2.util.logging.commons.CommonsLogger.info(CommonsLogger.java:42) - Choosing bean (struts) for (com.opensymphony.xwork2.validator.ActionValidatorManager)
[20:49:12:817] [INFO] - com.opensymphony.xwork2.util.logging.commons.CommonsLogger.info(CommonsLogger.java:42) - Choosing bean (struts) for (com.opensymphony.xwork2.util.ValueStackFactory)
[20:49:12:817] [INFO] - com.opensymphony.xwork2.util.logging.commons.CommonsLogger.info(CommonsLogger.java:42) - Choosing bean (struts) for (com.opensymphony.xwork2.util.reflection.ReflectionProvider)
[20:49:12:817] [INFO] - com.opensymphony.xwork2.util.logging.commons.CommonsLogger.info(CommonsLogger.java:42) - Choosing bean (struts) for (com.opensymphony.xwork2.util.reflection.ReflectionContextFactory)
[20:49:12:818] [INFO] - com.opensymphony.xwork2.util.logging.commons.CommonsLogger.info(CommonsLogger.java:42) - Choosing bean (struts) for (com.opensymphony.xwork2.util.PatternMatcher)
[20:49:12:818] [INFO] - com.opensymphony.xwork2.util.logging.commons.CommonsLogger.info(CommonsLogger.java:42) - Choosing bean (struts) for (org.apache.struts2.dispatcher.StaticContentLoader)
[20:49:12:818] [INFO] - com.opensymphony.xwork2.util.logging.commons.CommonsLogger.info(CommonsLogger.java:42) - Choosing bean (struts) for (com.opensymphony.xwork2.UnknownHandlerManager)
[20:49:12:818] [INFO] - com.opensymphony.xwork2.util.logging.commons.CommonsLogger.info(CommonsLogger.java:42) - Choosing bean (struts) for (org.apache.struts2.views.util.UrlHelper)
[20:49:12:819] [INFO] - com.opensymphony.xwork2.util.logging.commons.CommonsLogger.info(CommonsLogger.java:42) - Choosing bean (struts) for (com.opensymphony.xwork2.util.TextParser)
[20:49:12:830] [INFO] - com.opensymphony.xwork2.util.logging.commons.CommonsLogger.info(CommonsLogger.java:42) - Initializing Struts-Spring integration...
[20:49:12:831] [INFO] - com.opensymphony.xwork2.util.logging.commons.CommonsLogger.info(CommonsLogger.java:42) - Setting autowire strategy to name
[20:49:12:831] [INFO] - com.opensymphony.xwork2.util.logging.commons.CommonsLogger.info(CommonsLogger.java:42) - ... initialized Struts-Spring integration successfully
[20:49:13:140] [INFO] - org.slf4j.impl.JCLLoggerAdapter.info(JCLLoggerAdapter.java:327) - DUPLEX Console at http://0.0.0.0:9999/console
[20:49:13:209] [INFO] - org.slf4j.impl.JCLLoggerAdapter.info(JCLLoggerAdapter.java:327) - Started SelectChannelConnector@0.0.0.0:9999
[20:49:13:214] [INFO] - org.apache.activemq.broker.TransportConnector.start(TransportConnector.java:252) - Connector vm://Broker Started
[20:49:40:068] [INFO] - com.geovis.duplex.OracleServer.load(OracleServer.java:91) - Database setup over!
[20:49:44:647] [INFO] - com.geovis.duplex.OracleServer$SchemaTask.refresh(OracleServer.java:334) - start thread GFGXDB.TEST1
[20:49:49:513] [INFO] - org.springframework.context.support.AbstractApplicationContext.prepareRefresh(AbstractApplicationContext.java:456) - Refreshing org.apache.activemq.xbean.XBeanBrokerFactory$1@759509e4: startup date [Mon Jun 12 20:49:49 GMT+08:00 2017]; root of context hierarchy
[20:49:49:547] [INFO] - org.springframework.beans.factory.xml.XmlBeanDefinitionReader.loadBeanDefinitions(XmlBeanDefinitionReader.java:315) - Loading XML bean definitions from file [D:\workspace\duplex-oracle-server\conf\activemq.xml]
[20:49:49:818] [INFO] - org.springframework.beans.factory.xml.XmlBeanDefinitionReader.loadBeanDefinitions(XmlBeanDefinitionReader.java:315) - Loading XML bean definitions from file [D:\workspace\duplex-oracle-server\conf\jetty.xml]
[20:49:49:933] [INFO] - org.springframework.core.io.support.PropertiesLoaderSupport.loadProperties(PropertiesLoaderSupport.java:177) - Loading properties file from URL [file:D:/workspace/duplex-oracle-server/conf/credentials.properties]
[20:49:49:950] [INFO] - org.springframework.beans.factory.support.DefaultListableBeanFactory.preInstantiateSingletons(DefaultListableBeanFactory.java:549) - Pre-instantiating singletons in org.springframework.beans.factory.support.DefaultListableBeanFactory@52bac0fa: defining beans [org.springframework.beans.factory.config.PropertyPlaceholderConfigurer#0,org.apache.activemq.xbean.XBeanBrokerService#0,securityLoginService,securityConstraint,securityConstraintMapping,securityHandler,contexts,Server]; root of factory hierarchy
[20:49:50:033] [INFO] - org.apache.activemq.store.kahadb.plist.PListStore.doStart(PListStore.java:288) - PListStore:D:\workspace\duplex-oracle-server\data\Broker\tmp_storage started
[20:49:50:042] [INFO] - org.apache.activemq.broker.BrokerService.start(BrokerService.java:481) - Using Persistence Adapter: KahaDBPersistenceAdapter[D:\workspace\duplex-oracle-server\data\kahadb]
[20:49:50:259] [INFO] - org.apache.activemq.store.kahadb.MessageDatabase$Metadata.read(MessageDatabase.java:142) - KahaDB is version 3
[20:49:50:280] [INFO] - org.apache.activemq.store.kahadb.MessageDatabase.recover(MessageDatabase.java:445) - Recovering from the journal ...
[20:49:50:281] [INFO] - org.apache.activemq.store.kahadb.MessageDatabase.recover(MessageDatabase.java:454) - Recovery replayed 2 operations from the journal in 0.011 seconds.
[20:49:50:323] [INFO] - org.apache.activemq.broker.BrokerService.getBroker(BrokerService.java:749) - ActiveMQ 5.4.3 JMS Message Broker (Broker) is starting
[20:49:50:324] [INFO] - org.apache.activemq.broker.BrokerService.getBroker(BrokerService.java:751) - For help or more information please see: http://activemq.apache.org/
[20:49:50:415] [INFO] - org.apache.activemq.transport.TransportServerThreadSupport.doStart(TransportServerThreadSupport.java:72) - Listening for connections at: tcp://LAPTOP-O8QUOA7K:61616
[20:49:50:416] [INFO] - org.apache.activemq.broker.TransportConnector.start(TransportConnector.java:252) - Connector openwire Started
[20:49:50:417] [INFO] - org.apache.activemq.broker.BrokerService.start(BrokerService.java:524) - ActiveMQ JMS Message Broker (Broker, ID:LAPTOP-O8QUOA7K-50962-1497271789361-1:1) started
[20:49:50:463] [INFO] - org.slf4j.impl.JCLLoggerAdapter.info(JCLLoggerAdapter.java:327) - jetty-7.1.6.v20100715
[20:49:50:538] [INFO] - org.springframework.context.support.AbstractApplicationContext.prepareRefresh(AbstractApplicationContext.java:456) - Refreshing Root WebApplicationContext: startup date [Mon Jun 12 20:49:50 GMT+08:00 2017]; root of context hierarchy
[20:49:50:540] [INFO] - org.springframework.beans.factory.xml.XmlBeanDefinitionReader.loadBeanDefinitions(XmlBeanDefinitionReader.java:315) - Loading XML bean definitions from ServletContext resource [/WEB-INF/webconsole-embedded.xml]
[20:49:50:552] [INFO] - org.springframework.beans.factory.xml.XmlBeanDefinitionReader.loadBeanDefinitions(XmlBeanDefinitionReader.java:315) - Loading XML bean definitions from ServletContext resource [/WEB-INF/webconsole-query.xml]
[20:49:50:575] [INFO] - org.springframework.core.io.support.PropertiesLoaderSupport.loadProperties(PropertiesLoaderSupport.java:177) - Loading properties file from URL [file:D:/workspace/duplex-oracle-server/conf/credentials.properties]
[20:49:50:582] [INFO] - org.springframework.beans.factory.support.DefaultListableBeanFactory.preInstantiateSingletons(DefaultListableBeanFactory.java:549) - Pre-instantiating singletons in org.springframework.beans.factory.support.DefaultListableBeanFactory@723d7e4: defining beans [queueBrowser,messageQuery,queueConsumerQuery,connectionQuery,org.springframework.beans.factory.config.PropertyPlaceholderConfigurer#0,brokerQuery,sessionPool,connectionFactory]; root of factory hierarchy
[20:49:50:596] [INFO] - org.apache.activemq.web.WebConsoleStarter.contextInitialized(WebConsoleStarter.java:47) - ActiveMQ WebConsole initialized.
[20:49:50:684] [INFO] - org.slf4j.impl.JCLLoggerAdapter.info(JCLLoggerAdapter.java:327) - Initializing Spring FrameworkServlet 'dispatcher'
[20:49:50:684] [INFO] - org.springframework.web.servlet.FrameworkServlet.initServletBean(FrameworkServlet.java:301) - FrameworkServlet 'dispatcher': initialization started
[20:49:50:687] [INFO] - org.springframework.context.support.AbstractApplicationContext.prepareRefresh(AbstractApplicationContext.java:456) - Refreshing WebApplicationContext for namespace 'dispatcher-servlet': startup date [Mon Jun 12 20:49:50 GMT+08:00 2017]; parent: Root WebApplicationContext
[20:49:50:688] [INFO] - org.springframework.beans.factory.xml.XmlBeanDefinitionReader.loadBeanDefinitions(XmlBeanDefinitionReader.java:315) - Loading XML bean definitions from ServletContext resource [/WEB-INF/dispatcher-servlet.xml]
[20:49:50:714] [INFO] - org.springframework.beans.factory.support.DefaultListableBeanFactory.preInstantiateSingletons(DefaultListableBeanFactory.java:549) - Pre-instantiating singletons in org.springframework.beans.factory.support.DefaultListableBeanFactory@2e16e9b3: defining beans [handlerMapping,/createDestination.action,/deleteDestination.action,/createSubscriber.action,/deleteSubscriber.action,/sendMessage.action,/purgeDestination.action,/deleteMessage.action,/copyMessage.action,/moveMessage.action,/deleteJob.action,exceptionResolver]; parent: org.springframework.beans.factory.support.DefaultListableBeanFactory@723d7e4
[20:49:50:729] [INFO] - org.springframework.web.servlet.handler.AbstractUrlHandlerMapping.registerHandler(AbstractUrlHandlerMapping.java:411) - Mapped URL path [/createDestination.action] onto handler [/createDestination.action]
[20:49:50:729] [INFO] - org.springframework.web.servlet.handler.AbstractUrlHandlerMapping.registerHandler(AbstractUrlHandlerMapping.java:411) - Mapped URL path [/deleteDestination.action] onto handler [/deleteDestination.action]
[20:49:50:730] [INFO] - org.springframework.web.servlet.handler.AbstractUrlHandlerMapping.registerHandler(AbstractUrlHandlerMapping.java:411) - Mapped URL path [/createSubscriber.action] onto handler [/createSubscriber.action]
[20:49:50:731] [INFO] - org.springframework.web.servlet.handler.AbstractUrlHandlerMapping.registerHandler(AbstractUrlHandlerMapping.java:411) - Mapped URL path [/deleteSubscriber.action] onto handler [/deleteSubscriber.action]
[20:49:50:731] [INFO] - org.springframework.web.servlet.handler.AbstractUrlHandlerMapping.registerHandler(AbstractUrlHandlerMapping.java:411) - Mapped URL path [/sendMessage.action] onto handler [/sendMessage.action]
[20:49:50:731] [INFO] - org.springframework.web.servlet.handler.AbstractUrlHandlerMapping.registerHandler(AbstractUrlHandlerMapping.java:411) - Mapped URL path [/purgeDestination.action] onto handler [/purgeDestination.action]
[20:49:50:732] [INFO] - org.springframework.web.servlet.handler.AbstractUrlHandlerMapping.registerHandler(AbstractUrlHandlerMapping.java:411) - Mapped URL path [/deleteMessage.action] onto handler [/deleteMessage.action]
[20:49:50:732] [INFO] - org.springframework.web.servlet.handler.AbstractUrlHandlerMapping.registerHandler(AbstractUrlHandlerMapping.java:411) - Mapped URL path [/copyMessage.action] onto handler [/copyMessage.action]
[20:49:50:733] [INFO] - org.springframework.web.servlet.handler.AbstractUrlHandlerMapping.registerHandler(AbstractUrlHandlerMapping.java:411) - Mapped URL path [/moveMessage.action] onto handler [/moveMessage.action]
[20:49:50:733] [INFO] - org.springframework.web.servlet.handler.AbstractUrlHandlerMapping.registerHandler(AbstractUrlHandlerMapping.java:411) - Mapped URL path [/deleteJob.action] onto handler [/deleteJob.action]
[20:49:50:795] [INFO] - org.springframework.web.servlet.FrameworkServlet.initServletBean(FrameworkServlet.java:320) - FrameworkServlet 'dispatcher': initialization completed in 110 ms
[20:49:50:796] [INFO] - org.slf4j.impl.JCLLoggerAdapter.info(JCLLoggerAdapter.java:327) - ActiveMQ Console at http://0.0.0.0:9999/admin
[20:49:50:811] [INFO] - org.slf4j.impl.JCLLoggerAdapter.info(JCLLoggerAdapter.java:327) - Initializing Spring root WebApplicationContext
[20:49:50:812] [INFO] - org.springframework.web.context.ContextLoader.initWebApplicationContext(ContextLoader.java:187) - Root WebApplicationContext: initialization started
[20:49:50:812] [INFO] - org.springframework.context.support.AbstractApplicationContext.prepareRefresh(AbstractApplicationContext.java:456) - Refreshing Root WebApplicationContext: startup date [Mon Jun 12 20:49:50 GMT+08:00 2017]; root of context hierarchy
[20:49:50:812] [INFO] - org.springframework.beans.factory.xml.XmlBeanDefinitionReader.loadBeanDefinitions(XmlBeanDefinitionReader.java:315) - Loading XML bean definitions from ServletContext resource [/WEB-INF/applicationContext.xml]
[20:49:50:823] [INFO] - org.springframework.beans.factory.support.DefaultListableBeanFactory.preInstantiateSingletons(DefaultListableBeanFactory.java:549) - Pre-instantiating singletons in org.springframework.beans.factory.support.DefaultListableBeanFactory@16a75c9e: defining beans []; root of factory hierarchy
[20:49:50:824] [INFO] - org.springframework.web.context.ContextLoader.initWebApplicationContext(ContextLoader.java:214) - Root WebApplicationContext: initialization completed in 12 ms
[20:49:50:963] [INFO] - com.opensymphony.xwork2.util.logging.commons.CommonsLogger.info(CommonsLogger.java:42) - Parsing configuration file [struts-default.xml]
[20:49:51:017] [INFO] - com.opensymphony.xwork2.util.logging.commons.CommonsLogger.info(CommonsLogger.java:42) - Parsing configuration file [struts-plugin.xml]
[20:49:51:025] [INFO] - com.opensymphony.xwork2.util.logging.commons.CommonsLogger.info(CommonsLogger.java:42) - Parsing configuration file [struts.xml]
[20:49:51:027] [INFO] - com.opensymphony.xwork2.util.logging.commons.CommonsLogger.info(CommonsLogger.java:42) - Choosing bean (spring) for (com.opensymphony.xwork2.ObjectFactory)
[20:49:51:027] [INFO] - com.opensymphony.xwork2.util.logging.commons.CommonsLogger.info(CommonsLogger.java:42) - Choosing bean (struts) for (com.opensymphony.xwork2.FileManagerFactory)
[20:49:51:028] [INFO] - com.opensymphony.xwork2.util.logging.commons.CommonsLogger.info(CommonsLogger.java:42) - Choosing bean (struts) for (com.opensymphony.xwork2.conversion.impl.XWorkConverter)
[20:49:51:028] [INFO] - com.opensymphony.xwork2.util.logging.commons.CommonsLogger.info(CommonsLogger.java:42) - Choosing bean (struts) for (com.opensymphony.xwork2.conversion.impl.CollectionConverter)
[20:49:51:028] [INFO] - com.opensymphony.xwork2.util.logging.commons.CommonsLogger.info(CommonsLogger.java:42) - Choosing bean (struts) for (com.opensymphony.xwork2.conversion.impl.ArrayConverter)
[20:49:51:029] [INFO] - com.opensymphony.xwork2.util.logging.commons.CommonsLogger.info(CommonsLogger.java:42) - Choosing bean (struts) for (com.opensymphony.xwork2.conversion.impl.DateConverter)
[20:49:51:029] [INFO] - com.opensymphony.xwork2.util.logging.commons.CommonsLogger.info(CommonsLogger.java:42) - Choosing bean (struts) for (com.opensymphony.xwork2.conversion.impl.NumberConverter)
[20:49:51:029] [INFO] - com.opensymphony.xwork2.util.logging.commons.CommonsLogger.info(CommonsLogger.java:42) - Choosing bean (struts) for (com.opensymphony.xwork2.conversion.impl.StringConverter)
[20:49:51:029] [INFO] - com.opensymphony.xwork2.util.logging.commons.CommonsLogger.info(CommonsLogger.java:42) - Choosing bean (struts) for (com.opensymphony.xwork2.conversion.ConversionPropertiesProcessor)
[20:49:51:030] [INFO] - com.opensymphony.xwork2.util.logging.commons.CommonsLogger.info(CommonsLogger.java:42) - Choosing bean (struts) for (com.opensymphony.xwork2.conversion.ConversionFileProcessor)
[20:49:51:030] [INFO] - com.opensymphony.xwork2.util.logging.commons.CommonsLogger.info(CommonsLogger.java:42) - Choosing bean (struts) for (com.opensymphony.xwork2.conversion.ConversionAnnotationProcessor)
[20:49:51:030] [INFO] - com.opensymphony.xwork2.util.logging.commons.CommonsLogger.info(CommonsLogger.java:42) - Choosing bean (struts) for (com.opensymphony.xwork2.conversion.TypeConverterCreator)
[20:49:51:031] [INFO] - com.opensymphony.xwork2.util.logging.commons.CommonsLogger.info(CommonsLogger.java:42) - Choosing bean (struts) for (com.opensymphony.xwork2.conversion.TypeConverterHolder)
[20:49:51:031] [INFO] - com.opensymphony.xwork2.util.logging.commons.CommonsLogger.info(CommonsLogger.java:42) - Choosing bean (struts) for (com.opensymphony.xwork2.TextProvider)
[20:49:51:032] [INFO] - com.opensymphony.xwork2.util.logging.commons.CommonsLogger.info(CommonsLogger.java:42) - Choosing bean (struts) for (com.opensymphony.xwork2.LocaleProvider)
[20:49:51:032] [INFO] - com.opensymphony.xwork2.util.logging.commons.CommonsLogger.info(CommonsLogger.java:42) - Choosing bean (struts) for (com.opensymphony.xwork2.ActionProxyFactory)
[20:49:51:033] [INFO] - com.opensymphony.xwork2.util.logging.commons.CommonsLogger.info(CommonsLogger.java:42) - Choosing bean (struts) for (com.opensymphony.xwork2.conversion.ObjectTypeDeterminer)
[20:49:51:033] [INFO] - com.opensymphony.xwork2.util.logging.commons.CommonsLogger.info(CommonsLogger.java:42) - Choosing bean (struts) for (org.apache.struts2.dispatcher.mapper.ActionMapper)
[20:49:51:033] [INFO] - com.opensymphony.xwork2.util.logging.commons.CommonsLogger.info(CommonsLogger.java:42) - Choosing bean (jakarta) for (org.apache.struts2.dispatcher.multipart.MultiPartRequest)
[20:49:51:034] [INFO] - com.opensymphony.xwork2.util.logging.commons.CommonsLogger.info(CommonsLogger.java:42) - Choosing bean (struts) for (org.apache.struts2.views.freemarker.FreemarkerManager)
[20:49:51:035] [INFO] - com.opensymphony.xwork2.util.logging.commons.CommonsLogger.info(CommonsLogger.java:42) - Choosing bean (struts) for (org.apache.struts2.components.UrlRenderer)
[20:49:51:036] [INFO] - com.opensymphony.xwork2.util.logging.commons.CommonsLogger.info(CommonsLogger.java:42) - Choosing bean (struts) for (com.opensymphony.xwork2.validator.ActionValidatorManager)
[20:49:51:036] [INFO] - com.opensymphony.xwork2.util.logging.commons.CommonsLogger.info(CommonsLogger.java:42) - Choosing bean (struts) for (com.opensymphony.xwork2.util.ValueStackFactory)
[20:49:51:037] [INFO] - com.opensymphony.xwork2.util.logging.commons.CommonsLogger.info(CommonsLogger.java:42) - Choosing bean (struts) for (com.opensymphony.xwork2.util.reflection.ReflectionProvider)
[20:49:51:037] [INFO] - com.opensymphony.xwork2.util.logging.commons.CommonsLogger.info(CommonsLogger.java:42) - Choosing bean (struts) for (com.opensymphony.xwork2.util.reflection.ReflectionContextFactory)
[20:49:51:037] [INFO] - com.opensymphony.xwork2.util.logging.commons.CommonsLogger.info(CommonsLogger.java:42) - Choosing bean (struts) for (com.opensymphony.xwork2.util.PatternMatcher)
[20:49:51:038] [INFO] - com.opensymphony.xwork2.util.logging.commons.CommonsLogger.info(CommonsLogger.java:42) - Choosing bean (struts) for (org.apache.struts2.dispatcher.StaticContentLoader)
[20:49:51:038] [INFO] - com.opensymphony.xwork2.util.logging.commons.CommonsLogger.info(CommonsLogger.java:42) - Choosing bean (struts) for (com.opensymphony.xwork2.UnknownHandlerManager)
[20:49:51:039] [INFO] - com.opensymphony.xwork2.util.logging.commons.CommonsLogger.info(CommonsLogger.java:42) - Choosing bean (struts) for (org.apache.struts2.views.util.UrlHelper)
[20:49:51:039] [INFO] - com.opensymphony.xwork2.util.logging.commons.CommonsLogger.info(CommonsLogger.java:42) - Choosing bean (struts) for (com.opensymphony.xwork2.util.TextParser)
[20:49:51:052] [INFO] - com.opensymphony.xwork2.util.logging.commons.CommonsLogger.info(CommonsLogger.java:42) - Initializing Struts-Spring integration...
[20:49:51:052] [INFO] - com.opensymphony.xwork2.util.logging.commons.CommonsLogger.info(CommonsLogger.java:42) - Setting autowire strategy to name
[20:49:51:053] [INFO] - com.opensymphony.xwork2.util.logging.commons.CommonsLogger.info(CommonsLogger.java:42) - ... initialized Struts-Spring integration successfully
[20:49:51:360] [INFO] - org.slf4j.impl.JCLLoggerAdapter.info(JCLLoggerAdapter.java:327) - DUPLEX Console at http://0.0.0.0:9999/console
[20:49:51:425] [INFO] - org.slf4j.impl.JCLLoggerAdapter.info(JCLLoggerAdapter.java:327) - Started SelectChannelConnector@0.0.0.0:9999
[20:49:51:430] [INFO] - org.apache.activemq.broker.TransportConnector.start(TransportConnector.java:252) - Connector vm://Broker Started
